app/build/outputs/logs/manifest-merger-production-debug-report.txt
-- Merging decision tree log ---
manifest
ADDED from src/main/AndroidManifest.xml:2:1-104:12
INJECTED from src/main/AndroidManifest.xml:2:1-104:12
INJECTED from src/main/AndroidManifest.xml:2:1-104:12
INJECTED from src/main/AndroidManifest.xml:2:1-104:12
MERGED from src/main/AndroidManifest.xml:2:1-104:12
MERGED from [com.jakewharton.hugo:hugo-runtime:1.2.1] AndroidManifest.xml:2:1-11:12
MERGED from [:api] AndroidManifest.xml:2:1-14:12
MERGED from [:coordinator] AndroidManifest.xml:2:1-14:12
MERGED from [:markDownView] AndroidManifest.xml:2:1-14:12
MERGED from [:slidingMenu] AndroidManifest.xml:2:1-11:12
MERGED from [com.androidadvance:topsnackbar:1.1.1] AndroidManifest.xml:2:1-11:12
MERGED from [com.android.support:design:25.1.1] AndroidManifest.xml:17:1-27:12
MERGED from [com.google.firebase:firebase-core:10.0.1] AndroidManifest.xml:2:1-6:12
MERGED from [com.google.firebase:firebase-auth:10.0.1] AndroidManifest.xml:16:1-21:12
MERGED from [com.google.firebase:firebase-messaging:10.0.1] AndroidManifest.xml:16:1-30:12
MERGED from [com.android.support:customtabs:25.1.1] AndroidManifest.xml:17:1-24:12
MERGED from [com.google.android.gms:play-services-auth:10.0.1] AndroidManifest.xml:16:1-26:12
MERGED from [com.tapadoo.android:alerter:1.0.1] AndroidManifest.xml:2:1-22:12
MERGED from [com.flipboard:bottomsheet-core:1.5.0] AndroidManifest.xml:2:1-9:12
MERGED from [com.f2prateek.rx.preferences:rx-preferences:1.0.2] AndroidManifest.xml:2:1-10:12
MERGED from [uk.co.chrisjenx:calligraphy:2.2.0] AndroidManifest.xml:2:1-13:12
MERGED from [com.github.ybq:Android-SpinKit:1.1.0] AndroidManifest.xml:2:1-10:12
MERGED from [com.github.castorflex.smoothprogressbar:library:1.1.0] AndroidManifest.xml:2:1-14:12
MERGED from [com.github.castorflex.verticalviewpager:library:19.0.1] AndroidManifest.xml:2:1-5:12
MERGED from [com.crashlytics.sdk.android:crashlytics:2.6.6] AndroidManifest.xml:2:1-13:12
MERGED from [com.facebook.stetho:stetho:1.4.2] AndroidManifest.xml:2:1-13:12
MERGED from [com.uphyca:stetho_realm:2.0.1] AndroidManifest.xml:2:1-12:12
MERGED from [io.realm:realm-android-library:2.3.1] AndroidManifest.xml:2:1-11:12
MERGED from [com.android.support:recyclerview-v7:25.1.1] AndroidManifest.xml:17:1-22:12
MERGED from [com.squareup.coordinators:coordinators:0.2] AndroidManifest.xml:2:1-10:12
MERGED from [com.jakewharton:butterknife:8.0.1] AndroidManifest.xml:2:1-7:12
MERGED from [com.google.firebase:firebase-analytics:10.0.1] AndroidManifest.xml:16:1-34:12
MERGED from [com.google.android.gms:play-services-auth-base:10.0.1] AndroidManifest.xml:2:1-5:12
MERGED from [com.google.android.gms:play-services-base:10.0.1] AndroidManifest.xml:16:1-21:12
MERGED from [com.google.firebase:firebase-analytics-impl:10.0.1] AndroidManifest.xml:16:1-29:12
MERGED from [com.google.firebase:firebase-iid:10.0.1] AndroidManifest.xml:16:1-51:12
MERGED from [com.google.firebase:firebase-common:10.0.1] AndroidManifest.xml:2:1-8:12
MERGED from [com.google.android.gms:play-services-tasks:10.0.1] AndroidManifest.xml:2:1-5:12
MERGED from [com.google.android.gms:play-services-basement:10.0.1] AndroidManifest.xml:16:1-23:12
MERGED from [com.android.support:appcompat-v7:25.1.1] AndroidManifest.xml:17:1-27:12
MERGED from [com.android.support:transition:25.1.1] AndroidManifest.xml:17:1-24:12
MERGED from [com.android.support:support-v4:25.1.1] AndroidManifest.xml:17:1-27:12
MERGED from [com.android.support:support-fragment:25.1.1] AndroidManifest.xml:17:1-27:12
MERGED from [com.android.support:support-core-ui:25.1.1] AndroidManifest.xml:17:1-27:12
MERGED from [com.android.support:support-media-compat:25.1.1] AndroidManifest.xml:17:1-27:12
MERGED from [com.android.support:support-core-utils:25.1.1] AndroidManifest.xml:17:1-27:12
MERGED from [com.android.support:animated-vector-drawable:25.1.1] AndroidManifest.xml:17:1-24:12
MERGED from [com.android.support:support-vector-drawable:25.1.1] AndroidManifest.xml:17:1-25:12
MERGED from [com.android.support:support-compat:25.1.1] AndroidManifest.xml:17:1-27:12
MERGED from [io.reactivex:rxandroid:1.2.1] AndroidManifest.xml:15:1-21:12
MERGED from [com.jakewharton.timber:timber:4.0.1] AndroidManifest.xml:2:1-10:12
MERGED from [com.crashlytics.sdk.android:beta:1.2.3] AndroidManifest.xml:2:1-13:12
MERGED from [com.crashlytics.sdk.android:crashlytics-core:2.3.15] AndroidManifest.xml:45:1-56:12
MERGED from [com.crashlytics.sdk.android:answers:1.3.11] AndroidManifest.xml:2:1-13:12
MERGED from [io.fabric.sdk.android:fabric:1.3.15] AndroidManifest.xml:22:1-33:12
MERGED from [com.getkeepsafe.relinker:relinker:1.2.2] AndroidManifest.xml:2:1-9:12
INJECTED from src/debug/AndroidManifest.xml:1:1-10:12
INJECTED from src/debug/AndroidManifest.xml:1:1-10:12
INJECTED from src/debug/AndroidManifest.xml:1:1-10:12
	package
		ADDED from src/main/AndroidManifest.xml:3:11-47
		INJECTED from src/main/AndroidManifest.xml
		INJECTED from src/debug/AndroidManifest.xml
	android:versionName
		INJECTED from src/main/AndroidManifest.xml
		ADDED from src/main/AndroidManifest.xml:2:1-104:12
		INJECTED from src/debug/AndroidManifest.xml
	xmlns:tools
		ADDED from src/debug/AndroidManifest.xml:3:5-51
	android:versionCode
		INJECTED from src/main/AndroidManifest.xml
		ADDED from src/main/AndroidManifest.xml:2:1-104:12
		INJECTED from src/debug/AndroidManifest.xml
	xmlns:android
		ADDED from src/main/AndroidManifest.xml:2:11-69
uses-permission#android.permission.INTERNET
ADDED from src/main/AndroidManifest.xml:5:5-66
MERGED from [com.crashlytics.sdk.android:crashlytics:2.6.6] AndroidManifest.xml:9:5-67
MERGED from [com.crashlytics.sdk.android:crashlytics:2.6.6] AndroidManifest.xml:9:5-67
MERGED from [com.google.firebase:firebase-analytics:10.0.1] AndroidManifest.xml:20:5-66
MERGED from [com.google.firebase:firebase-analytics:10.0.1] AndroidManifest.xml:20:5-66
MERGED from [com.google.firebase:firebase-analytics-impl:10.0.1] AndroidManifest.xml:20:5-66
MERGED from [com.google.firebase:firebase-analytics-impl:10.0.1] AndroidManifest.xml:20:5-66
MERGED from [com.google.firebase:firebase-iid:10.0.1] AndroidManifest.xml:20:5-66
MERGED from [com.google.firebase:firebase-iid:10.0.1] AndroidManifest.xml:20:5-66
MERGED from [com.crashlytics.sdk.android:beta:1.2.3] AndroidManifest.xml:9:5-67
MERGED from [com.crashlytics.sdk.android:beta:1.2.3] AndroidManifest.xml:9:5-67
MERGED from [com.crashlytics.sdk.android:crashlytics-core:2.3.15] AndroidManifest.xml:52:5-67
MERGED from [com.crashlytics.sdk.android:crashlytics-core:2.3.15] AndroidManifest.xml:52:5-67
MERGED from [com.crashlytics.sdk.android:answers:1.3.11] AndroidManifest.xml:9:5-67
MERGED from [com.crashlytics.sdk.android:answers:1.3.11] AndroidManifest.xml:9:5-67
MERGED from [io.fabric.sdk.android:fabric:1.3.15] AndroidManifest.xml:29:5-67
MERGED from [io.fabric.sdk.android:fabric:1.3.15] AndroidManifest.xml:29:5-67
	android:name
		ADDED from src/main/AndroidManifest.xml:5:22-64
uses-permission#android.permission.WAKE_LOCK
ADDED from src/main/AndroidManifest.xml:6:5-67
MERGED from [com.google.firebase:firebase-analytics:10.0.1] AndroidManifest.xml:22:5-67
MERGED from [com.google.firebase:firebase-analytics:10.0.1] AndroidManifest.xml:22:5-67
MERGED from [com.google.firebase:firebase-analytics-impl:10.0.1] AndroidManifest.xml:22:5-67
MERGED from [com.google.firebase:firebase-analytics-impl:10.0.1] AndroidManifest.xml:22:5-67
MERGED from [com.google.firebase:firebase-iid:10.0.1] AndroidManifest.xml:21:5-67
MERGED from [com.google.firebase:firebase-iid:10.0.1] AndroidManifest.xml:21:5-67
	android:name
		ADDED from src/main/AndroidManifest.xml:6:22-65
uses-permission#android.permission.ACCESS_NETWORK_STATE
ADDED from src/main/AndroidManifest.xml:7:5-78
MERGED from [com.google.firebase:firebase-analytics:10.0.1] AndroidManifest.xml:21:5-78
MERGED from [com.google.firebase:firebase-analytics:10.0.1] AndroidManifest.xml:21:5-78
MERGED from [com.google.firebase:firebase-analytics-impl:10.0.1] AndroidManifest.xml:21:5-78
MERGED from [com.google.firebase:firebase-analytics-impl:10.0.1] AndroidManifest.xml:21:5-78
MERGED from [com.google.firebase:firebase-iid:10.0.1] AndroidManifest.xml:19:5-78
MERGED from [com.google.firebase:firebase-iid:10.0.1] AndroidManifest.xml:19:5-78
	android:name
		ADDED from src/main/AndroidManifest.xml:7:22-76
uses-permission#android.permission.RECEIVE_BOOT_COMPLETED
ADDED from src/main/AndroidManifest.xml:8:5-80
	android:name
		ADDED from src/main/AndroidManifest.xml:8:22-78
uses-permission#com.android.vending.BILLING
ADDED from src/main/AndroidManifest.xml:9:5-67
	android:name
		ADDED from src/main/AndroidManifest.xml:9:22-64
application
ADDED from src/main/AndroidManifest.xml:11:5-102:19
MERGED from src/main/AndroidManifest.xml:11:5-102:19
MERGED from src/main/AndroidManifest.xml:11:5-102:19
MERGED from [com.jakewharton.hugo:hugo-runtime:1.2.1] AndroidManifest.xml:9:5-20
MERGED from [com.jakewharton.hugo:hugo-runtime:1.2.1] AndroidManifest.xml:9:5-20
MERGED from [:api] AndroidManifest.xml:9:5-12:38
MERGED from [:api] AndroidManifest.xml:9:5-12:38
MERGED from [:coordinator] AndroidManifest.xml:9:5-12:38
MERGED from [:coordinator] AndroidManifest.xml:9:5-12:38
MERGED from [:markDownView] AndroidManifest.xml:9:5-12:19
MERGED from [:markDownView] AndroidManifest.xml:9:5-12:19
MERGED from [com.android.support:design:25.1.1] AndroidManifest.xml:25:5-20
MERGED from [com.android.support:design:25.1.1] AndroidManifest.xml:25:5-20
MERGED from [com.google.firebase:firebase-core:10.0.1] AndroidManifest.xml:5:5-20
MERGED from [com.google.firebase:firebase-core:10.0.1] AndroidManifest.xml:5:5-20
MERGED from [com.google.firebase:firebase-auth:10.0.1] AndroidManifest.xml:19:5-20:19
MERGED from [com.google.firebase:firebase-auth:10.0.1] AndroidManifest.xml:19:5-20:19
MERGED from [com.google.firebase:firebase-messaging:10.0.1] AndroidManifest.xml:19:5-29:19
MERGED from [com.google.firebase:firebase-messaging:10.0.1] AndroidManifest.xml:19:5-29:19
MERGED from [com.android.support:customtabs:25.1.1] AndroidManifest.xml:22:5-20
MERGED from [com.android.support:customtabs:25.1.1] AndroidManifest.xml:22:5-20
MERGED from [com.google.android.gms:play-services-auth:10.0.1] AndroidManifest.xml:19:5-25:19
MERGED from [com.google.android.gms:play-services-auth:10.0.1] AndroidManifest.xml:19:5-25:19
MERGED from [com.tapadoo.android:alerter:1.0.1] AndroidManifest.xml:12:5-20:19
MERGED from [com.tapadoo.android:alerter:1.0.1] AndroidManifest.xml:12:5-20:19
MERGED from [com.f2prateek.rx.preferences:rx-preferences:1.0.2] AndroidManifest.xml:8:5-20
MERGED from [com.f2prateek.rx.preferences:rx-preferences:1.0.2] AndroidManifest.xml:8:5-20
MERGED from [uk.co.chrisjenx:calligraphy:2.2.0] AndroidManifest.xml:11:5-20
MERGED from [uk.co.chrisjenx:calligraphy:2.2.0] AndroidManifest.xml:11:5-20
MERGED from [com.github.castorflex.smoothprogressbar:library:1.1.0] AndroidManifest.xml:12:5-20
MERGED from [com.github.castorflex.smoothprogressbar:library:1.1.0] AndroidManifest.xml:12:5-20
MERGED from [com.crashlytics.sdk.android:crashlytics:2.6.6] AndroidManifest.xml:11:5-20
MERGED from [com.crashlytics.sdk.android:crashlytics:2.6.6] AndroidManifest.xml:11:5-20
MERGED from [com.facebook.stetho:stetho:1.4.2] AndroidManifest.xml:11:5-20
MERGED from [com.facebook.stetho:stetho:1.4.2] AndroidManifest.xml:11:5-20
MERGED from [com.google.firebase:firebase-analytics:10.0.1] AndroidManifest.xml:24:5-33:19
MERGED from [com.google.firebase:firebase-analytics:10.0.1] AndroidManifest.xml:24:5-33:19
MERGED from [com.google.android.gms:play-services-base:10.0.1] AndroidManifest.xml:18:5-20:19
MERGED from [com.google.android.gms:play-services-base:10.0.1] AndroidManifest.xml:18:5-20:19
MERGED from [com.google.firebase:firebase-analytics-impl:10.0.1] AndroidManifest.xml:24:5-28:19
MERGED from [com.google.firebase:firebase-analytics-impl:10.0.1] AndroidManifest.xml:24:5-28:19
MERGED from [com.google.firebase:firebase-iid:10.0.1] AndroidManifest.xml:28:5-50:19
MERGED from [com.google.firebase:firebase-iid:10.0.1] AndroidManifest.xml:28:5-50:19
MERGED from [com.google.firebase:firebase-common:10.0.1] AndroidManifest.xml:4:5-7:19
MERGED from [com.google.firebase:firebase-common:10.0.1] AndroidManifest.xml:4:5-7:19
MERGED from [com.google.android.gms:play-services-tasks:10.0.1] AndroidManifest.xml:4:5-19
MERGED from [com.google.android.gms:play-services-tasks:10.0.1] AndroidManifest.xml:4:5-19
MERGED from [com.google.android.gms:play-services-basement:10.0.1] AndroidManifest.xml:19:5-21:19
MERGED from [com.google.android.gms:play-services-basement:10.0.1] AndroidManifest.xml:19:5-21:19
MERGED from [com.android.support:appcompat-v7:25.1.1] AndroidManifest.xml:25:5-20
MERGED from [com.android.support:appcompat-v7:25.1.1] AndroidManifest.xml:25:5-20
MERGED from [com.android.support:transition:25.1.1] AndroidManifest.xml:22:5-20
MERGED from [com.android.support:transition:25.1.1] AndroidManifest.xml:22:5-20
MERGED from [com.android.support:support-v4:25.1.1] AndroidManifest.xml:25:5-20
MERGED from [com.android.support:support-v4:25.1.1] AndroidManifest.xml:25:5-20
MERGED from [com.android.support:support-fragment:25.1.1] AndroidManifest.xml:25:5-20
MERGED from [com.android.support:support-fragment:25.1.1] AndroidManifest.xml:25:5-20
MERGED from [com.android.support:support-core-ui:25.1.1] AndroidManifest.xml:25:5-20
MERGED from [com.android.support:support-core-ui:25.1.1] AndroidManifest.xml:25:5-20
MERGED from [com.android.support:support-media-compat:25.1.1] AndroidManifest.xml:25:5-20
MERGED from [com.android.support:support-media-compat:25.1.1] AndroidManifest.xml:25:5-20
MERGED from [com.android.support:support-core-utils:25.1.1] AndroidManifest.xml:25:5-20
MERGED from [com.android.support:support-core-utils:25.1.1] AndroidManifest.xml:25:5-20
MERGED from [com.android.support:animated-vector-drawable:25.1.1] AndroidManifest.xml:22:5-20
MERGED from [com.android.support:animated-vector-drawable:25.1.1] AndroidManifest.xml:22:5-20
MERGED from [com.android.support:support-vector-drawable:25.1.1] AndroidManifest.xml:23:5-20
MERGED from [com.android.support:support-vector-drawable:25.1.1] AndroidManifest.xml:23:5-20
MERGED from [com.android.support:support-compat:25.1.1] AndroidManifest.xml:25:5-20
MERGED from [com.android.support:support-compat:25.1.1] AndroidManifest.xml:25:5-20
MERGED from [com.jakewharton.timber:timber:4.0.1] AndroidManifest.xml:8:5-20
MERGED from [com.jakewharton.timber:timber:4.0.1] AndroidManifest.xml:8:5-20
MERGED from [com.crashlytics.sdk.android:beta:1.2.3] AndroidManifest.xml:11:5-20
MERGED from [com.crashlytics.sdk.android:beta:1.2.3] AndroidManifest.xml:11:5-20
MERGED from [com.crashlytics.sdk.android:crashlytics-core:2.3.15] AndroidManifest.xml:54:5-20
MERGED from [com.crashlytics.sdk.android:crashlytics-core:2.3.15] AndroidManifest.xml:54:5-20
MERGED from [com.crashlytics.sdk.android:answers:1.3.11] AndroidManifest.xml:11:5-20
MERGED from [com.crashlytics.sdk.android:answers:1.3.11] AndroidManifest.xml:11:5-20
MERGED from [io.fabric.sdk.android:fabric:1.3.15] AndroidManifest.xml:31:5-20
MERGED from [io.fabric.sdk.android:fabric:1.3.15] AndroidManifest.xml:31:5-20
	android:supportsRtl
		ADDED from src/main/AndroidManifest.xml:17:9-35
		ADDED from src/main/AndroidManifest.xml:17:9-35
	android:label
		ADDED from src/main/AndroidManifest.xml:15:9-41
		ADDED from src/main/AndroidManifest.xml:15:9-41
	android:largeHeap
		ADDED from src/main/AndroidManifest.xml:16:9-33
		ADDED from src/main/AndroidManifest.xml:16:9-33
	android:icon
		ADDED from src/main/AndroidManifest.xml:14:9-43
		ADDED from src/main/AndroidManifest.xml:14:9-43
	android:allowBackup
		ADDED from src/main/AndroidManifest.xml:13:9-35
		ADDED from src/main/AndroidManifest.xml:13:9-35
	android:theme
		ADDED from src/main/AndroidManifest.xml:18:9-46
		ADDED from src/main/AndroidManifest.xml:18:9-46
	tools:replace
		ADDED from src/debug/AndroidManifest.xml:8:9-37
	android:name
		ADDED from src/main/AndroidManifest.xml:12:9-40
		REJECTED from src/main/AndroidManifest.xml:12:9-40
activity#org.petabytes.awesomeblogs.feeds.FeedsActivity
ADDED from src/main/AndroidManifest.xml:20:9-29:20
	android:screenOrientation
		ADDED from src/main/AndroidManifest.xml:23:13-49
	android:launchMode
		ADDED from src/main/AndroidManifest.xml:22:13-44
	android:name
		ADDED from src/main/AndroidManifest.xml:21:13-48
intent-filter#android.intent.action.MAIN+android.intent.category.LAUNCHER
ADDED from src/main/AndroidManifest.xml:24:13-28:29
action#android.intent.action.MAIN
ADDED from src/main/AndroidManifest.xml:25:17-68
	android:name
		ADDED from src/main/AndroidManifest.xml:25:25-66
category#android.intent.category.LAUNCHER
ADDED from src/main/AndroidManifest.xml:27:17-76
	android:name
		ADDED from src/main/AndroidManifest.xml:27:27-74
activity#org.petabytes.awesomeblogs.summary.SummaryActivity
ADDED from src/main/AndroidManifest.xml:31:9-60
	android:name
		ADDED from src/main/AndroidManifest.xml:31:19-58
activity#org.petabytes.awesomeblogs.favorite.FavoritesActivity
ADDED from src/main/AndroidManifest.xml:33:9-63
	android:name
		ADDED from src/main/AndroidManifest.xml:33:19-61
activity#org.petabytes.awesomeblogs.history.HistoryActivity
ADDED from src/main/AndroidManifest.xml:35:9-60
	android:name
		ADDED from src/main/AndroidManifest.xml:35:19-58
activity#org.petabytes.awesomeblogs.settings.SettingsActivity
ADDED from src/main/AndroidManifest.xml:37:9-38:52
	android:theme
		ADDED from src/main/AndroidManifest.xml:38:19-50
	android:name
		ADDED from src/main/AndroidManifest.xml:37:19-60
activity#org.petabytes.awesomeblogs.author.AuthorActivity
ADDED from src/main/AndroidManifest.xml:40:9-58
	android:name
		ADDED from src/main/AndroidManifest.xml:40:19-56
activity#org.petabytes.awesomeblogs.search.SearchActivity
ADDED from src/main/AndroidManifest.xml:42:9-58
	android:name
		ADDED from src/main/AndroidManifest.xml:42:19-56
activity#org.petabytes.awesomeblogs.auth.SignInActivity
ADDED from src/main/AndroidManifest.xml:44:9-46:46
	android:launchMode
		ADDED from src/main/AndroidManifest.xml:46:13-44
	android:name
		ADDED from src/main/AndroidManifest.xml:45:13-48
service#org.petabytes.awesomeblogs.fcm.MessagingService
ADDED from src/main/AndroidManifest.xml:48:9-53:19
	android:name
		ADDED from src/main/AndroidManifest.xml:49:13-49
intent-filter#com.google.firebase.MESSAGING_EVENT
ADDED from src/main/AndroidManifest.xml:50:13-52:29
action#com.google.firebase.MESSAGING_EVENT
ADDED from src/main/AndroidManifest.xml:51:17-77
	android:name
		ADDED from src/main/AndroidManifest.xml:51:25-75
service#org.petabytes.awesomeblogs.fcm.InstanceIdService
ADDED from src/main/AndroidManifest.xml:55:9-60:19
	android:name
		ADDED from src/main/AndroidManifest.xml:56:13-50
intent-filter#com.google.firebase.INSTANCE_ID_EVENT
ADDED from src/main/AndroidManifest.xml:57:13-59:29
action#com.google.firebase.INSTANCE_ID_EVENT
ADDED from src/main/AndroidManifest.xml:58:17-79
	android:name
		ADDED from src/main/AndroidManifest.xml:58:25-77
service#org.petabytes.awesomeblogs.digest.DigestService
ADDED from src/main/AndroidManifest.xml:62:9-56
	android:name
		ADDED from src/main/AndroidManifest.xml:62:18-54
receiver#org.petabytes.awesomeblogs.digest.StartUpReceiver
ADDED from src/main/AndroidManifest.xml:64:9-69:20
	android:name
		ADDED from src/main/AndroidManifest.xml:64:19-57
intent-filter#android.intent.action.BOOT_COMPLETED+android.intent.action.MY_PACKAGE_REPLACED
ADDED from src/main/AndroidManifest.xml:65:13-68:29
action#android.intent.action.BOOT_COMPLETED
ADDED from src/main/AndroidManifest.xml:66:17-79
	android:name
		ADDED from src/main/AndroidManifest.xml:66:25-76
action#android.intent.action.MY_PACKAGE_REPLACED
ADDED from src/main/AndroidManifest.xml:67:17-83
	android:name
		ADDED from src/main/AndroidManifest.xml:67:25-81
receiver#org.petabytes.awesomeblogs.migration.MigrationReceiver
ADDED from src/main/AndroidManifest.xml:71:9-75:20
	android:name
		ADDED from src/main/AndroidManifest.xml:71:19-62
intent-filter#android.intent.action.MY_PACKAGE_REPLACED
ADDED from src/main/AndroidManifest.xml:72:13-74:29
receiver#org.petabytes.awesomeblogs.referrer.InstallReferrerReceiver
ADDED from src/main/AndroidManifest.xml:77:9-83:20
	android:exported
		ADDED from src/main/AndroidManifest.xml:79:13-36
	android:name
		ADDED from src/main/AndroidManifest.xml:78:13-61
intent-filter#com.android.vending.INSTALL_REFERRER
ADDED from src/main/AndroidManifest.xml:80:13-82:29
action#com.android.vending.INSTALL_REFERRER
ADDED from src/main/AndroidManifest.xml:81:17-79
	android:name
		ADDED from src/main/AndroidManifest.xml:81:25-76
receiver#org.petabytes.awesomeblogs.chrome.ActionReceiver
ADDED from src/main/AndroidManifest.xml:85:9-89:20
	android:name
		ADDED from src/main/AndroidManifest.xml:85:19-56
intent-filter#org.petabytes.awesomeblogs.chrome.ACTION
ADDED from src/main/AndroidManifest.xml:86:13-88:29
action#org.petabytes.awesomeblogs.chrome.ACTION
ADDED from src/main/AndroidManifest.xml:87:17-83
	android:name
		ADDED from src/main/AndroidManifest.xml:87:25-80
meta-data#com.google.firebase.messaging.default_notification_icon
ADDED from src/main/AndroidManifest.xml:91:9-93:57
	android:resource
		ADDED from src/main/AndroidManifest.xml:93:13-54
	android:name
		ADDED from src/main/AndroidManifest.xml:92:13-83
meta-data#com.google.firebase.messaging.default_notification_color
ADDED from src/main/AndroidManifest.xml:95:9-97:58
	android:resource
		ADDED from src/main/AndroidManifest.xml:97:13-55
	android:name
		ADDED from src/main/AndroidManifest.xml:96:13-84
meta-data#io.fabric.ApiKey
ADDED from src/main/AndroidManifest.xml:99:9-101:71
	android:value
		ADDED from src/main/AndroidManifest.xml:101:13-69
	android:name
		ADDED from src/main/AndroidManifest.xml:100:13-44
uses-sdk
INJECTED from src/main/AndroidManifest.xml reason: use-sdk injection requested
INJECTED from src/main/AndroidManifest.xml
INJECTED from src/main/AndroidManifest.xml
MERGED from [com.jakewharton.hugo:hugo-runtime:1.2.1] AndroidManifest.xml:7:5-43
MERGED from [com.jakewharton.hugo:hugo-runtime:1.2.1] AndroidManifest.xml:7:5-43
MERGED from [:api] AndroidManifest.xml:5:5-7:41
MERGED from [:api] AndroidManifest.xml:5:5-7:41
MERGED from [:coordinator] AndroidManifest.xml:5:5-7:41
MERGED from [:coordinator] AndroidManifest.xml:5:5-7:41
MERGED from [:markDownView] AndroidManifest.xml:5:5-7:41
MERGED from [:markDownView] AndroidManifest.xml:5:5-7:41
MERGED from [:slidingMenu] AndroidManifest.xml:7:5-9:41
MERGED from [:slidingMenu] AndroidManifest.xml:7:5-9:41
MERGED from [com.androidadvance:topsnackbar:1.1.1] AndroidManifest.xml:7:5-9:41
MERGED from [com.androidadvance:topsnackbar:1.1.1] AndroidManifest.xml:7:5-9:41
MERGED from [com.android.support:design:25.1.1] AndroidManifest.xml:21:5-23:62
MERGED from [com.android.support:design:25.1.1] AndroidManifest.xml:21:5-23:62
MERGED from [com.google.firebase:firebase-core:10.0.1] AndroidManifest.xml:4:5-42
MERGED from [com.google.firebase:firebase-core:10.0.1] AndroidManifest.xml:4:5-42
MERGED from [com.google.firebase:firebase-auth:10.0.1] AndroidManifest.xml:17:5-42
MERGED from [com.google.firebase:firebase-auth:10.0.1] AndroidManifest.xml:17:5-42
MERGED from [com.google.firebase:firebase-messaging:10.0.1] AndroidManifest.xml:17:5-42
MERGED from [com.google.firebase:firebase-messaging:10.0.1] AndroidManifest.xml:17:5-42
MERGED from [com.android.support:customtabs:25.1.1] AndroidManifest.xml:20:5-44
MERGED from [com.android.support:customtabs:25.1.1] AndroidManifest.xml:20:5-44
MERGED from [com.google.android.gms:play-services-auth:10.0.1] AndroidManifest.xml:17:5-42
MERGED from [com.google.android.gms:play-services-auth:10.0.1] AndroidManifest.xml:17:5-42
MERGED from [com.tapadoo.android:alerter:1.0.1] AndroidManifest.xml:7:5-10:72
MERGED from [com.tapadoo.android:alerter:1.0.1] AndroidManifest.xml:7:5-10:72
MERGED from [com.flipboard:bottomsheet-core:1.5.0] AndroidManifest.xml:5:5-7:41
MERGED from [com.flipboard:bottomsheet-core:1.5.0] AndroidManifest.xml:5:5-7:41
MERGED from [com.f2prateek.rx.preferences:rx-preferences:1.0.2] AndroidManifest.xml:6:5-43
MERGED from [com.f2prateek.rx.preferences:rx-preferences:1.0.2] AndroidManifest.xml:6:5-43
MERGED from [uk.co.chrisjenx:calligraphy:2.2.0] AndroidManifest.xml:7:5-9:41
MERGED from [uk.co.chrisjenx:calligraphy:2.2.0] AndroidManifest.xml:7:5-9:41
MERGED from [com.github.ybq:Android-SpinKit:1.1.0] AndroidManifest.xml:6:5-8:41
MERGED from [com.github.ybq:Android-SpinKit:1.1.0] AndroidManifest.xml:6:5-8:41
MERGED from [com.github.castorflex.smoothprogressbar:library:1.1.0] AndroidManifest.xml:8:5-10:41
MERGED from [com.github.castorflex.smoothprogressbar:library:1.1.0] AndroidManifest.xml:8:5-10:41
MERGED from [com.github.castorflex.verticalviewpager:library:19.0.1] AndroidManifest.xml:3:5-72
MERGED from [com.github.castorflex.verticalviewpager:library:19.0.1] AndroidManifest.xml:3:5-72
MERGED from [com.crashlytics.sdk.android:crashlytics:2.6.6] AndroidManifest.xml:7:5-43
MERGED from [com.crashlytics.sdk.android:crashlytics:2.6.6] AndroidManifest.xml:7:5-43
MERGED from [com.facebook.stetho:stetho:1.4.2] AndroidManifest.xml:7:5-9:41
MERGED from [com.facebook.stetho:stetho:1.4.2] AndroidManifest.xml:7:5-9:41
MERGED from [com.uphyca:stetho_realm:2.0.1] AndroidManifest.xml:8:5-10:41
MERGED from [com.uphyca:stetho_realm:2.0.1] AndroidManifest.xml:8:5-10:41
MERGED from [io.realm:realm-android-library:2.3.1] AndroidManifest.xml:7:5-9:41
MERGED from [io.realm:realm-android-library:2.3.1] AndroidManifest.xml:7:5-9:41
MERGED from [com.android.support:recyclerview-v7:25.1.1] AndroidManifest.xml:20:5-43
MERGED from [com.android.support:recyclerview-v7:25.1.1] AndroidManifest.xml:20:5-43
MERGED from [com.squareup.coordinators:coordinators:0.2] AndroidManifest.xml:6:5-8:41
MERGED from [com.squareup.coordinators:coordinators:0.2] AndroidManifest.xml:6:5-8:41
MERGED from [com.jakewharton:butterknife:8.0.1] AndroidManifest.xml:5:5-43
MERGED from [com.jakewharton:butterknife:8.0.1] AndroidManifest.xml:5:5-43
MERGED from [com.google.firebase:firebase-analytics:10.0.1] AndroidManifest.xml:17:5-42
MERGED from [com.google.firebase:firebase-analytics:10.0.1] AndroidManifest.xml:17:5-42
MERGED from [com.google.android.gms:play-services-auth-base:10.0.1] AndroidManifest.xml:4:5-42
MERGED from [com.google.android.gms:play-services-auth-base:10.0.1] AndroidManifest.xml:4:5-42
MERGED from [com.google.android.gms:play-services-base:10.0.1] AndroidManifest.xml:17:5-42
MERGED from [com.google.android.gms:play-services-base:10.0.1] AndroidManifest.xml:17:5-42
MERGED from [com.google.firebase:firebase-analytics-impl:10.0.1] AndroidManifest.xml:17:5-42
MERGED from [com.google.firebase:firebase-analytics-impl:10.0.1] AndroidManifest.xml:17:5-42
MERGED from [com.google.firebase:firebase-iid:10.0.1] AndroidManifest.xml:17:5-42
MERGED from [com.google.firebase:firebase-iid:10.0.1] AndroidManifest.xml:17:5-42
MERGED from [com.google.firebase:firebase-common:10.0.1] AndroidManifest.xml:3:5-42
MERGED from [com.google.firebase:firebase-common:10.0.1] AndroidManifest.xml:3:5-42
MERGED from [com.google.android.gms:play-services-tasks:10.0.1] AndroidManifest.xml:3:5-42
MERGED from [com.google.android.gms:play-services-tasks:10.0.1] AndroidManifest.xml:3:5-42
MERGED from [com.google.android.gms:play-services-basement:10.0.1] AndroidManifest.xml:17:5-42
MERGED from [com.google.android.gms:play-services-basement:10.0.1] AndroidManifest.xml:17:5-42
MERGED from [com.android.support:appcompat-v7:25.1.1] AndroidManifest.xml:21:5-23:78
MERGED from [com.android.support:appcompat-v7:25.1.1] AndroidManifest.xml:21:5-23:78
MERGED from [com.android.support:transition:25.1.1] AndroidManifest.xml:20:5-44
MERGED from [com.android.support:transition:25.1.1] AndroidManifest.xml:20:5-44
MERGED from [com.android.support:support-v4:25.1.1] AndroidManifest.xml:21:5-23:54
MERGED from [com.android.support:support-v4:25.1.1] AndroidManifest.xml:21:5-23:54
MERGED from [com.android.support:support-fragment:25.1.1] AndroidManifest.xml:21:5-23:60
MERGED from [com.android.support:support-fragment:25.1.1] AndroidManifest.xml:21:5-23:60
MERGED from [com.android.support:support-core-ui:25.1.1] AndroidManifest.xml:21:5-23:58
MERGED from [com.android.support:support-core-ui:25.1.1] AndroidManifest.xml:21:5-23:58
MERGED from [com.android.support:support-media-compat:25.1.1] AndroidManifest.xml:21:5-23:63
MERGED from [com.android.support:support-media-compat:25.1.1] AndroidManifest.xml:21:5-23:63
MERGED from [com.android.support:support-core-utils:25.1.1] AndroidManifest.xml:21:5-23:61
MERGED from [com.android.support:support-core-utils:25.1.1] AndroidManifest.xml:21:5-23:61
MERGED from [com.android.support:animated-vector-drawable:25.1.1] AndroidManifest.xml:20:5-44
MERGED from [com.android.support:animated-vector-drawable:25.1.1] AndroidManifest.xml:20:5-44
MERGED from [com.android.support:support-vector-drawable:25.1.1] AndroidManifest.xml:21:5-43
MERGED from [com.android.support:support-vector-drawable:25.1.1] AndroidManifest.xml:21:5-43
MERGED from [com.android.support:support-compat:25.1.1] AndroidManifest.xml:21:5-23:58
MERGED from [com.android.support:support-compat:25.1.1] AndroidManifest.xml:21:5-23:58
MERGED from [io.reactivex:rxandroid:1.2.1] AndroidManifest.xml:19:5-43
MERGED from [io.reactivex:rxandroid:1.2.1] AndroidManifest.xml:19:5-43
MERGED from [com.jakewharton.timber:timber:4.0.1] AndroidManifest.xml:6:5-44
MERGED from [com.jakewharton.timber:timber:4.0.1] AndroidManifest.xml:6:5-44
MERGED from [com.crashlytics.sdk.android:beta:1.2.3] AndroidManifest.xml:7:5-43
MERGED from [com.crashlytics.sdk.android:beta:1.2.3] AndroidManifest.xml:7:5-43
MERGED from [com.crashlytics.sdk.android:crashlytics-core:2.3.15] AndroidManifest.xml:50:5-43
MERGED from [com.crashlytics.sdk.android:crashlytics-core:2.3.15] AndroidManifest.xml:50:5-43
MERGED from [com.crashlytics.sdk.android:answers:1.3.11] AndroidManifest.xml:7:5-43